<?xml version="1.0" encoding="UTF-8"?>
<!-- Generated by org.testng.reporters.JUnitXMLReporter -->
<testsuite ignored="0" hostname="DESKTOP-8D1500M" failures="1" tests="2" name="Test" time="32.496" errors="0" timestamp="2025-01-28T19:41:48 IST">
  <testcase classname="testCases.TC001_AccountRegistrationTest" name="verify_account_registartion" time="4.029"/>
  <testcase classname="testCases.TC002_LoginTest" name="verify_login" time="12.468">
    <failure type="java.lang.AssertionError" message="expected [true] but found [false]">
      <![CDATA[java.lang.AssertionError: expected [true] but found [false]
at testCases.TC002_LoginTest.verify_login(TC002_LoginTest.java:41)
at java.base/java.util.ArrayList.forEach(ArrayList.java:1597)
... Removed 29 stack frames]]>
    </failure>
  </testcase> <!-- verify_login -->
</testsuite> <!-- Test -->
