<?xml version="1.0" encoding="UTF-8"?>
<testng-results ignored="0" total="2" passed="2" failed="0" skipped="0">
  <reporter-output>
  </reporter-output>
  <suite started-at="2025-01-28T20:04:57 IST" name="Suite" finished-at="2025-01-28T20:05:31 IST" duration-ms="33927">
    <groups>
      <group name="Master">
        <method signature="TC001_AccountRegistrationTest.verify_account_registartion()[pri:0, instance:testCases.TC001_AccountRegistrationTest@4b40f651]" name="verify_account_registartion" class="testCases.TC001_AccountRegistrationTest"/>
        <method signature="TC002_LoginTest.verify_login()[pri:0, instance:testCases.TC002_LoginTest@5ce8d869]" name="verify_login" class="testCases.TC002_LoginTest"/>
      </group> <!-- Master -->
      <group name="Sanity">
        <method signature="TC002_LoginTest.verify_login()[pri:0, instance:testCases.TC002_LoginTest@5ce8d869]" name="verify_login" class="testCases.TC002_LoginTest"/>
      </group> <!-- Sanity -->
      <group name="Regression">
        <method signature="TC001_AccountRegistrationTest.verify_account_registartion()[pri:0, instance:testCases.TC001_AccountRegistrationTest@4b40f651]" name="verify_account_registartion" class="testCases.TC001_AccountRegistrationTest"/>
      </group> <!-- Regression -->
    </groups>
    <test started-at="2025-01-28T20:04:57 IST" name="Test" finished-at="2025-01-28T20:05:31 IST" duration-ms="33927">
      <class name="testCases.TC002_LoginTest">
        <test-method is-config="true" signature="setup(java.lang.String,java.lang.String)[pri:0, instance:testCases.TC002_LoginTest@5ce8d869]" started-at="2025-01-28T20:05:21 IST" name="setup" finished-at="2025-01-28T20:05:28 IST" duration-ms="7370" status="PASS">
          <params>
            <param index="0">
              <value>
                <![CDATA[Windows]]>
              </value>
            </param>
            <param index="1">
              <value>
                <![CDATA[chrome]]>
              </value>
            </param>
          </params>
          <reporter-output>
          </reporter-output>
        </test-method> <!-- setup -->
        <test-method signature="verify_login()[pri:0, instance:testCases.TC002_LoginTest@5ce8d869]" started-at="2025-01-28T20:05:28 IST" name="verify_login" finished-at="2025-01-28T20:05:31 IST" duration-ms="2941" status="PASS">
          <reporter-output>
          </reporter-output>
        </test-method> <!-- verify_login -->
        <test-method is-config="true" signature="tearDown()[pri:0, instance:testCases.TC002_LoginTest@5ce8d869]" started-at="2025-01-28T20:05:31 IST" name="tearDown" finished-at="2025-01-28T20:05:31 IST" duration-ms="290" status="PASS">
          <reporter-output>
          </reporter-output>
        </test-method> <!-- tearDown -->
      </class> <!-- testCases.TC002_LoginTest -->
      <class name="testCases.TC001_AccountRegistrationTest">
        <test-method is-config="true" signature="setup(java.lang.String,java.lang.String)[pri:0, instance:testCases.TC001_AccountRegistrationTest@4b40f651]" started-at="2025-01-28T20:04:58 IST" name="setup" finished-at="2025-01-28T20:05:17 IST" duration-ms="19425" status="PASS">
          <params>
            <param index="0">
              <value>
                <![CDATA[Windows]]>
              </value>
            </param>
            <param index="1">
              <value>
                <![CDATA[chrome]]>
              </value>
            </param>
          </params>
          <reporter-output>
          </reporter-output>
        </test-method> <!-- setup -->
        <test-method signature="verify_account_registartion()[pri:0, instance:testCases.TC001_AccountRegistrationTest@4b40f651]" started-at="2025-01-28T20:05:17 IST" name="verify_account_registartion" finished-at="2025-01-28T20:05:20 IST" duration-ms="3262" status="PASS">
          <reporter-output>
          </reporter-output>
        </test-method> <!-- verify_account_registartion -->
        <test-method is-config="true" signature="tearDown()[pri:0, instance:testCases.TC001_AccountRegistrationTest@4b40f651]" started-at="2025-01-28T20:05:20 IST" name="tearDown" finished-at="2025-01-28T20:05:21 IST" duration-ms="274" status="PASS">
          <reporter-output>
          </reporter-output>
        </test-method> <!-- tearDown -->
      </class> <!-- testCases.TC001_AccountRegistrationTest -->
    </test> <!-- Test -->
  </suite> <!-- Suite -->
</testng-results>
